<?xml version="1.0" encoding="UTF-8"?>
<!-- Generated by org.testng.reporters.JUnitReportReporter -->
<testsuite hostname="kavya" failures="0" tests="3" name="com.Ecommerce.instaSnap.ProductTest.VerfiyElectronicProduct" time="0.020" errors="0" timestamp="2024-11-07T16:27:03 IST" skipped="0">
  <testcase classname="com.Ecommerce.instaSnap.ProductTest.VerfiyElectronicProduct" name="createProduct" time="0.013"/>
  <system-out>
    <![CDATA[Electronic Product Created]]>
  </system-out>
  <testcase classname="com.Ecommerce.instaSnap.ProductTest.VerfiyElectronicProduct" name="updateproduct" time="0.004"/>
  <system-out>
    <![CDATA[Electronic Product Updated]]>
  </system-out>
  <testcase classname="com.Ecommerce.instaSnap.ProductTest.VerfiyElectronicProduct" name="updateproduct" time="0.003"/>
  <system-out>
    <![CDATA[Electronic Product Updated]]>
  </system-out>
</testsuite> <!-- com.Ecommerce.instaSnap.ProductTest.VerfiyElectronicProduct -->
