<?xml version="1.0" encoding="UTF-8"?>
<!-- Generated by org.testng.reporters.JUnitReportReporter -->
<testsuite hostname="kavya" failures="0" tests="1" name="Demo.DemoTest" time="16.527" errors="0" timestamp="2024-11-06T15:12:13 IST" skipped="0">
  <testcase classname="Demo.DemoTest" name="verify" time="16.527"/>
</testsuite> <!-- Demo.DemoTest -->
